<?xml version="1.0" encoding="UTF-8"?>
<!-- Generated by org.testng.reporters.JUnitReportReporter -->
<testsuite hostname="EC2AMAZ-1IC0RHB" failures="0" tests="5" name="TestCase.LoginTest2" time="0.057" errors="0" timestamp="2025-07-11T05:41:49 UTC" skipped="0">
  <testcase classname="TestCase.LoginTest2" name="loginTest" time="0.006"/>
  <system-out/>
  <testcase classname="TestCase.LoginTest2" name="loginTest" time="0.003"/>
  <system-out/>
  <testcase classname="TestCase.LoginTest2" name="loginTest" time="0.026"/>
  <system-out/>
  <testcase classname="TestCase.LoginTest2" name="loginTest" time="0.003"/>
  <system-out/>
  <testcase classname="TestCase.LoginTest2" name="loginTest" time="0.019"/>
  <system-out/>
</testsuite> <!-- TestCase.LoginTest2 -->
