<?xml version="1.0" encoding="UTF-8"?>
<!-- Generated by org.testng.reporters.JUnitReportReporter -->
<testsuite hostname="EC2AMAZ-CS00R8Q" failures="0" tests="1" name="hover.googletest" time="4.964" errors="0" timestamp="2025-07-23T09:06:21 UTC" skipped="0">
  <testcase classname="hover.googletest" name="openGoogleTest" time="4.964"/>
  <system-out/>
</testsuite> <!-- hover.googletest -->
