<?xml version="1.0" encoding="UTF-8"?>
<!-- Generated by org.testng.reporters.JUnitReportReporter -->
<testsuite hostname="EC2AMAZ-CS00R8Q" failures="0" tests="1" name="hover.HoverTest" time="3.551" errors="0" timestamp="2025-07-23T08:53:23 UTC" skipped="0">
  <testcase classname="hover.HoverTest" name="hoverExample" time="3.551"/>
  <system-out/>
</testsuite> <!-- hover.HoverTest -->
