<?xml version="1.0" encoding="UTF-8"?>
<!-- Generated by org.testng.reporters.JUnitReportReporter -->
<testsuite hostname="EC2AMAZ-CS00R8Q" failures="0" tests="2" name="Jacoco.RectangleTest" time="0.104" errors="0" timestamp="2025-07-22T04:43:53 UTC" skipped="0">
  <testcase classname="Jacoco.RectangleTest" name="testperimeter" time="0.052"/>
  <testcase classname="Jacoco.RectangleTest" name="testarea" time="0.052"/>
</testsuite> <!-- Jacoco.RectangleTest -->
