<?xml version="1.0" encoding="UTF-8"?>
<!-- Generated by org.testng.reporters.JUnitReportReporter -->
<testsuite hostname="EC2AMAZ-1IC0RHB" failures="0" tests="1" name="TestCase.LoginTest" time="47.614" errors="0" timestamp="2025-07-16T08:40:01 UTC" skipped="0">
  <testcase classname="TestCase.LoginTest" name="testValidLogin" time="47.614"/>
  <system-out/>
</testsuite> <!-- TestCase.LoginTest -->
