<?xml version="1.0" encoding="UTF-8"?>
<!-- Generated by org.testng.reporters.JUnitReportReporter -->
<testsuite hostname="EC2AMAZ-CS00R8Q" failures="0" tests="1" name="TestCase.LoginTest" time="10.806" errors="0" timestamp="20 Jul 2025 12:35:25 GMT" skipped="0">
  <testcase classname="TestCase.LoginTest" name="fullEndToEndTest" time="10.806"/>
</testsuite> <!-- TestCase.LoginTest -->
